<?xml version="1.0" encoding="UTF-8"?>
<!-- Generated by org.testng.reporters.JUnitReportReporter -->
<testsuite hostname="DESKTOP-3BGF3IG" failures="0" tests="1" name="com.orangehrmlive.test.PimTest" time="22.992" errors="0" timestamp="2023-07-27T15:29:44 IST" skipped="0">
  <testcase classname="com.orangehrmlive.test.PimTest" name="clickonaddEmployee" time="22.992"/>
</testsuite> <!-- com.orangehrmlive.test.PimTest -->
