<?xml version="1.0" encoding="UTF-8"?>
<!-- Generated by org.testng.reporters.JUnitReportReporter -->
<testsuite hostname="DESKTOP-3BGF3IG" failures="0" tests="1" name="com.orangehrmlive.test.DashboardTest" time="14.682" errors="0" timestamp="2023-07-26T20:03:02 IST" skipped="0">
  <testcase classname="com.orangehrmlive.test.DashboardTest" name="clickonpim" time="14.682"/>
  <system-out/>
</testsuite> <!-- com.orangehrmlive.test.DashboardTest -->
