<?xml version="1.0" encoding="UTF-8"?>
<!-- Generated by org.testng.reporters.JUnitReportReporter -->
<testsuite hostname="DESKTOP-3BGF3IG" failures="0" tests="1" name="com.Utilities.ExcelUtilities" time="1.516" errors="0" timestamp="2023-07-27T15:57:58 IST" skipped="0">
  <testcase classname="com.Utilities.ExcelUtilities" name="readexcel" time="1.516"/>
</testsuite> <!-- com.Utilities.ExcelUtilities -->
